<?xml version="1.0" encoding="UTF-8"?>
<!-- Generated by org.testng.reporters.JUnitReportReporter -->
<testsuite hostname="LAPTOP-TR7RKGH6" failures="0" tests="1" name="Testing.HomePage" time="20.920" errors="0" timestamp="2019-12-14T14:15:15 IST" skipped="0">
  <testcase classname="Testing.HomePage" name="basePageNavigation" time="20.920"/>
</testsuite> <!-- Testing.HomePage -->
